[     460ms] [LOG] Running frontend commit 29244711f25109c85ce9dbbe4291938e16e94ea0 @ https://www.figma.com/login:453
[     666ms] [WARNING] Statsig is not ready to log exposures, will retry in 1 seconds @ https://www.figma.com/webpack-artifacts/assets/vendor-core-6b042434d1e119ca.min.js.br:54
[    1161ms] [ERROR] Failed to load resource: the server responded with a status of 401 () @ https://www.figma.com/api/statsig/v1_ruleset:0
[    1162ms] [ERROR] Failed to fetch v1 ruleset: I: XHR for "/api/statsig/v1_ruleset" failed with status 401
    at N (https://www.figma.com/webpack-artifacts/assets/474-6dd5ecf504967c78.min.js.br:29:12014)
    at async Object.P [as get] (https://www.figma.com/webpack-artifacts/assets/474-6dd5ecf504967c78.min.js.br:29:12397)
    at async https://www.figma.com/webpack-artifacts/assets/474-6dd5ecf504967c78.min.js.br:7:109530
    at async m.validate (https://www.figma.com/webpack-artifacts/assets/474-6dd5ecf504967c78.min.js.br:9:6748)
    at async b (https://www.figma.com/webpack-artifacts/assets/474-6dd5ecf504967c78.min.js.br:7:338696)
    at async E (https://www.figma.com/webpack-artifacts/assets/474-6dd5ecf504967c78.min.js.br:7:337900)
    at async Object.write (https://www.figma.com/webpack-artifacts/assets/474-6dd5ecf504967c78.min.js.br:7:337519) @ https://www.figma.com/webpack-artifacts/assets/vendor-core-6b042434d1e119ca.min.js.br:54
[    5642ms] [WARNING] The resource https://www.figma.com/i18n-artifacts/locales/743b30ab6abe42ecf8f4d378500c3e7c49ae6500 was preloaded using link preload but not used within a few seconds from the window's load event. Please make sure it has an appropriate `as` value and it is preloaded intentionally. @ https://www.figma.com/login:0
[    8812ms] [WARNING] The resource https://www.figma.com/i18n-artifacts/locales/743b30ab6abe42ecf8f4d378500c3e7c49ae6500 was preloaded using link preload but not used within a few seconds from the window's load event. Please make sure it has an appropriate `as` value and it is preloaded intentionally. @ https://www.figma.com/login:0
[    9836ms] [ERROR] Cross-Origin-Opener-Policy policy would block the window.closed call. @ https://www.figma.com/webpack-artifacts/assets/474-6dd5ecf504967c78.min.js.br:6
[    9836ms] [ERROR] Cross-Origin-Opener-Policy policy would block the window.closed call. @ https://www.figma.com/webpack-artifacts/assets/474-6dd5ecf504967c78.min.js.br:6
[   13882ms] [WARNING] The resource https://www.figma.com/i18n-artifacts/locales/743b30ab6abe42ecf8f4d378500c3e7c49ae6500 was preloaded using link preload but not used within a few seconds from the window's load event. Please make sure it has an appropriate `as` value and it is preloaded intentionally. @ https://www.figma.com/login:0
[   26438ms] [ERROR] Cross-Origin-Opener-Policy policy would block the window.closed call. @ https://www.figma.com/webpack-artifacts/assets/474-6dd5ecf504967c78.min.js.br:6
[   26438ms] [ERROR] Cross-Origin-Opener-Policy policy would block the window.closed call. @ https://www.figma.com/webpack-artifacts/assets/474-6dd5ecf504967c78.min.js.br:6
[   29467ms] [LOG] Running frontend commit 29244711f25109c85ce9dbbe4291938e16e94ea0 @ https://www.figma.com/files/team/1258030072466737594/recents-and-sharing?fuid=1258030067732134817:524
[   32136ms] [WARNING] Statsig is not ready to log exposures, will retry in 1 seconds @ https://www.figma.com/webpack-artifacts/assets/vendor-core-34edd2c749031eb9.min.js.br:53
[   33154ms] [WARNING] Canvas2D: Multiple readback operations using getImageData are faster with the willReadFrequently attribute set to true. See: https://html.spec.whatwg.org/multipage/canvas.html#concept-canvas-will-read-frequently @ https://www.figma.com/webpack-artifacts/assets/8469-f47411c60eb019a8.min.js.br:1404
[   33168ms] [WARNING] Canvas2D: Multiple readback operations using getImageData are faster with the willReadFrequently attribute set to true. See: https://html.spec.whatwg.org/multipage/canvas.html#concept-canvas-will-read-frequently @ https://www.figma.com/webpack-artifacts/assets/8469-f47411c60eb019a8.min.js.br:1404
[   33210ms] [WARNING] Canvas2D: Multiple readback operations using getImageData are faster with the willReadFrequently attribute set to true. See: https://html.spec.whatwg.org/multipage/canvas.html#concept-canvas-will-read-frequently @ https://www.figma.com/webpack-artifacts/assets/8469-f47411c60eb019a8.min.js.br:1404
[   33226ms] [WARNING] Canvas2D: Multiple readback operations using getImageData are faster with the willReadFrequently attribute set to true. See: https://html.spec.whatwg.org/multipage/canvas.html#concept-canvas-will-read-frequently @ https://www.figma.com/webpack-artifacts/assets/8469-f47411c60eb019a8.min.js.br:1404
[   33561ms] [WARNING] Canvas2D: Multiple readback operations using getImageData are faster with the willReadFrequently attribute set to true. See: https://html.spec.whatwg.org/multipage/canvas.html#concept-canvas-will-read-frequently @ https://www.figma.com/webpack-artifacts/assets/8469-f47411c60eb019a8.min.js.br:1404
[   33569ms] [WARNING] Canvas2D: Multiple readback operations using getImageData are faster with the willReadFrequently attribute set to true. See: https://html.spec.whatwg.org/multipage/canvas.html#concept-canvas-will-read-frequently @ https://www.figma.com/webpack-artifacts/assets/8469-f47411c60eb019a8.min.js.br:1404
[   33573ms] [WARNING] Canvas2D: Multiple readback operations using getImageData are faster with the willReadFrequently attribute set to true. See: https://html.spec.whatwg.org/multipage/canvas.html#concept-canvas-will-read-frequently @ https://www.figma.com/webpack-artifacts/assets/8469-f47411c60eb019a8.min.js.br:1404
[   33579ms] [WARNING] Canvas2D: Multiple readback operations using getImageData are faster with the willReadFrequently attribute set to true. See: https://html.spec.whatwg.org/multipage/canvas.html#concept-canvas-will-read-frequently @ https://www.figma.com/webpack-artifacts/assets/8469-f47411c60eb019a8.min.js.br:1404
[   33753ms] [WARNING] Canvas2D: Multiple readback operations using getImageData are faster with the willReadFrequently attribute set to true. See: https://html.spec.whatwg.org/multipage/canvas.html#concept-canvas-will-read-frequently @ https://www.figma.com/webpack-artifacts/assets/8469-f47411c60eb019a8.min.js.br:1404
[   33762ms] [WARNING] Canvas2D: Multiple readback operations using getImageData are faster with the willReadFrequently attribute set to true. See: https://html.spec.whatwg.org/multipage/canvas.html#concept-canvas-will-read-frequently @ https://www.figma.com/webpack-artifacts/assets/8469-f47411c60eb019a8.min.js.br:1404
[   33769ms] [WARNING] Canvas2D: Multiple readback operations using getImageData are faster with the willReadFrequently attribute set to true. See: https://html.spec.whatwg.org/multipage/canvas.html#concept-canvas-will-read-frequently @ https://www.figma.com/webpack-artifacts/assets/8469-f47411c60eb019a8.min.js.br:1404
[   33773ms] [WARNING] Canvas2D: Multiple readback operations using getImageData are faster with the willReadFrequently attribute set to true. See: https://html.spec.whatwg.org/multipage/canvas.html#concept-canvas-will-read-frequently @ https://www.figma.com/webpack-artifacts/assets/8469-f47411c60eb019a8.min.js.br:1404
[   33780ms] [WARNING] Canvas2D: Multiple readback operations using getImageData are faster with the willReadFrequently attribute set to true. See: https://html.spec.whatwg.org/multipage/canvas.html#concept-canvas-will-read-frequently @ https://www.figma.com/webpack-artifacts/assets/8469-f47411c60eb019a8.min.js.br:1404
[   34677ms] [LOG] [import] git: 29244711f25109c85ce9dbbe4291938e16e94ea0, stamp: 828238723CF476C8 @ https://www.figma.com/webpack-artifacts/assets/vendor-core-34edd2c749031eb9.min.js.br:53
[   34678ms] [LOG] Loaded 105 scripts (8584105b), 32 from cache (1067211b) @ https://www.figma.com/webpack-artifacts/assets/vendor-core-34edd2c749031eb9.min.js.br:53
[   40154ms] [LOG] Running frontend commit 29244711f25109c85ce9dbbe4291938e16e94ea0 @ https://www.figma.com/design/EKzqnECsaFCEtRx9A18hXt?fuid=1258030067732134817&prev-plan-id=1258030072466737594&prev-plan-type=team&prev-selected-view=recentsAndSharing&prev-tab=recently-viewed:589
[   41296ms] [WARNING] Statsig is not ready to log exposures, will retry in 1 seconds @ https://www.figma.com/webpack-artifacts/assets/vendor-core-34edd2c749031eb9.min.js.br:53
[   41334ms] [LOG] Loaded 116 scripts (8563862b), 116 from cache (8563862b) @ https://www.figma.com/webpack-artifacts/assets/vendor-core-34edd2c749031eb9.min.js.br:53
[   41401ms] [LOG] [import] git: 29244711f25109c85ce9dbbe4291938e16e94ea0, stamp: 828238723CF476C8 @ https://www.figma.com/webpack-artifacts/assets/vendor-core-34edd2c749031eb9.min.js.br:53
[   41546ms] [INFO] Autosave Changes not available or already claimed by another tab undefined @ https://www.figma.com/webpack-artifacts/assets/vendor-core-34edd2c749031eb9.min.js.br:53
[   41899ms] [INFO] [Fullscreen] Booting... (emscripten version 4.0.21) @ https://www.figma.com/webpack-artifacts/assets/vendor-core-34edd2c749031eb9.min.js.br:53
[   41946ms] [INFO] [GPU] graphicsAPI:"WebGPU", vendor:"Google Inc. (Apple)" renderer:"ANGLE (Apple, ANGLE Metal Renderer: Apple M3 Max, Unspecified Version)" deviceArchitecture:"metal-3" deviceDescription:"" webGPUDevice:"" webGPUVendor:"apple" bindings:"emdawnwebgpu" @ https://www.figma.com/webpack-artifacts/assets/vendor-core-34edd2c749031eb9.min.js.br:53
[   41947ms] [LOG] [Fullscreen] Ready in 124.1ms @ https://www.figma.com/webpack-artifacts/assets/vendor-core-34edd2c749031eb9.min.js.br:53
[   42086ms] [INFO] [FullscreenApp] calling setEditorTheme and setting preference light @ https://www.figma.com/webpack-artifacts/assets/vendor-core-34edd2c749031eb9.min.js.br:53
[   42137ms] [INFO] [MultiplayerSession] connecting to wss://www.figma.com/api/multiplayer/EKzqnECsaFCEtRx9A18hXt?role=editor&tracking_session_id=UtBfAt88Mzz8UplM&version=151&recentReload=0&file-load-streaming-compression=&user-id=1258030067732134817&client_release=29244711f25109c85ce9dbbe4291938e16e94ea0&force-dpl-journaled-reconnect=1 @ https://www.figma.com/webpack-artifacts/assets/vendor-core-34edd2c749031eb9.min.js.br:53
[   42144ms] [INFO] [FullscreenApp] calling setEditorTheme and setting preference light @ https://www.figma.com/webpack-artifacts/assets/vendor-core-34edd2c749031eb9.min.js.br:53
[   42672ms] [ERROR] Failed to load resource: the server responded with a status of 403 () @ https://www.figma.com/api/folders/64606727:0
[   42711ms] T: XHR for "/api/folders/64606727" failed with status 403
    at N (https://www.figma.com/webpack-artifacts/assets/8469-f47411c60eb019a8.min.js.br:1405:11227)
    at async Object.R [as get] (https://www.figma.com/webpack-artifacts/assets/8469-f47411c60eb019a8.min.js.br:1405:11610)
    at async https://www.figma.com/webpack-artifacts/assets/8469-f47411c60eb019a8.min.js.br:1098:155872
    at async g.validate (https://www.figma.com/webpack-artifacts/assets/8469-f47411c60eb019a8.min.js.br:1385:5960)
    at async h.fetchObject (https://www.figma.com/webpack-artifacts/assets/8469-f47411c60eb019a8.min.js.br:349:160247)
    at async f (https://www.figma.com/webpack-artifacts/assets/8469-f47411c60eb019a8.min.js.br:349:140551)
[   43493ms] [INFO] [MultiplayerSession] Joining file version 106 (initial load) @ https://www.figma.com/webpack-artifacts/assets/vendor-core-34edd2c749031eb9.min.js.br:53
[   43721ms] [LOG] Migration succeeded: context: fullscreen_migrate_SceneGraphManager, version: 106, duration: 0ms. @ https://www.figma.com/webpack-artifacts/assets/vendor-core-34edd2c749031eb9.min.js.br:53
[   45624ms] [WARNING] Canvas2D: Multiple readback operations using getImageData are faster with the willReadFrequently attribute set to true. See: https://html.spec.whatwg.org/multipage/canvas.html#concept-canvas-will-read-frequently @ https://static.figma.com/fullscreen/bf227fc6548354b3913642bf1d66542451a818a7/fullscreen-harfbuzz-12-3-0/compiled_wasm.js.br:1
[   45670ms] [INFO] afterJoinEnd PageSyncing: Loaded incrementally {loaded_pages: 9513:113965} @ https://www.figma.com/webpack-artifacts/assets/vendor-core-34edd2c749031eb9.min.js.br:53
[   46316ms] [LOG] [Fullscreen] loadtime=6.80s maxmem=52747200 @ https://www.figma.com/webpack-artifacts/assets/vendor-core-34edd2c749031eb9.min.js.br:53
[   46322ms] [ERROR] Access to image at 'https://www.gravatar.com/avatar/c5d727644bd06f6cd443327478b95043?size=240&default=https%3A%2F%2Fs3-alpha.figma.com%2Fstatic%2Fuser_1.png?c=1' from origin 'https://www.figma.com' has been blocked by CORS policy: No 'Access-Control-Allow-Origin' header is present on the requested resource. @ https://www.figma.com/design/EKzqnECsaFCEtRx9A18hXt/CSE?node-id=9513-113965&p=f&t=tve7NW2HpbBArmq9-0:0
[   46322ms] [ERROR] Failed to load resource: net::ERR_FAILED @ https://www.gravatar.com/avatar/c5d727644bd06f6cd443327478b95043?size=240&default=https%3A%2F%2Fs3-alpha.figma.com%2Fstatic%2Fuser_1.png?c=1:0
[   80064ms] [LOG] Running frontend commit 29244711f25109c85ce9dbbe4291938e16e94ea0 @ https://www.figma.com/design/EKzqnECsaFCEtRx9A18hXt/CSE?node-id=9513-113965&p=f&t=tve7NW2HpbBArmq9-0:589
[   80510ms] [WARNING] Statsig is not ready to log exposures, will retry in 1 seconds @ https://www.figma.com/webpack-artifacts/assets/vendor-core-34edd2c749031eb9.min.js.br:53
[   80522ms] [LOG] Loaded 116 scripts (8563862b), 116 from cache (8563862b) @ https://www.figma.com/webpack-artifacts/assets/vendor-core-34edd2c749031eb9.min.js.br:53
[   80578ms] [LOG] [import] git: 29244711f25109c85ce9dbbe4291938e16e94ea0, stamp: 828238723CF476C8 @ https://www.figma.com/webpack-artifacts/assets/vendor-core-34edd2c749031eb9.min.js.br:53
[   80709ms] [INFO] Autosave Changes not available or already claimed by another tab undefined @ https://www.figma.com/webpack-artifacts/assets/vendor-core-34edd2c749031eb9.min.js.br:53
[   80953ms] [INFO] [Fullscreen] Booting... (emscripten version 4.0.21) @ https://www.figma.com/webpack-artifacts/assets/vendor-core-34edd2c749031eb9.min.js.br:53
[   80981ms] [INFO] [GPU] graphicsAPI:"WebGPU", vendor:"Google Inc. (Apple)" renderer:"ANGLE (Apple, ANGLE Metal Renderer: Apple M3 Max, Unspecified Version)" deviceArchitecture:"metal-3" deviceDescription:"" webGPUDevice:"" webGPUVendor:"apple" bindings:"emdawnwebgpu" @ https://www.figma.com/webpack-artifacts/assets/vendor-core-34edd2c749031eb9.min.js.br:53
[   80982ms] [LOG] [Fullscreen] Ready in 47.2ms @ https://www.figma.com/webpack-artifacts/assets/vendor-core-34edd2c749031eb9.min.js.br:53
[   81020ms] [INFO] [FullscreenApp] calling setEditorTheme and setting preference light @ https://www.figma.com/webpack-artifacts/assets/vendor-core-34edd2c749031eb9.min.js.br:53
[   81027ms] [INFO] [MultiplayerSession] connecting to wss://www.figma.com/api/multiplayer/EKzqnECsaFCEtRx9A18hXt?role=editor&tracking_session_id=whCfFzZNMq1ftXki&version=151&recentReload=0&file-load-streaming-compression=&scenegraph-queries-initial-nodes=9513%3A113965&user-id=1258030067732134817&client_release=29244711f25109c85ce9dbbe4291938e16e94ea0&force-dpl-journaled-reconnect=1 @ https://www.figma.com/webpack-artifacts/assets/vendor-core-34edd2c749031eb9.min.js.br:53
[   81027ms] [INFO] [FullscreenApp] calling setEditorTheme and setting preference light @ https://www.figma.com/webpack-artifacts/assets/vendor-core-34edd2c749031eb9.min.js.br:53
[   81397ms] [ERROR] Failed to load resource: the server responded with a status of 403 () @ https://www.figma.com/api/folders/64606727:0
[   81401ms] T: XHR for "/api/folders/64606727" failed with status 403
    at N (https://www.figma.com/webpack-artifacts/assets/8469-f47411c60eb019a8.min.js.br:1405:11227)
    at async Object.R [as get] (https://www.figma.com/webpack-artifacts/assets/8469-f47411c60eb019a8.min.js.br:1405:11610)
    at async https://www.figma.com/webpack-artifacts/assets/8469-f47411c60eb019a8.min.js.br:1098:155872
    at async g.validate (https://www.figma.com/webpack-artifacts/assets/8469-f47411c60eb019a8.min.js.br:1385:5960)
    at async h.fetchObject (https://www.figma.com/webpack-artifacts/assets/8469-f47411c60eb019a8.min.js.br:349:160247)
    at async f (https://www.figma.com/webpack-artifacts/assets/8469-f47411c60eb019a8.min.js.br:349:140551)
[   82811ms] [INFO] [MultiplayerSession] Joining file version 106 (initial load) @ https://www.figma.com/webpack-artifacts/assets/vendor-core-34edd2c749031eb9.min.js.br:53
[   82966ms] [LOG] Migration succeeded: context: fullscreen_migrate_SceneGraphManager, version: 106, duration: 0ms. @ https://www.figma.com/webpack-artifacts/assets/vendor-core-34edd2c749031eb9.min.js.br:53
[   83379ms] [WARNING] Canvas2D: Multiple readback operations using getImageData are faster with the willReadFrequently attribute set to true. See: https://html.spec.whatwg.org/multipage/canvas.html#concept-canvas-will-read-frequently @ https://static.figma.com/fullscreen/bf227fc6548354b3913642bf1d66542451a818a7/fullscreen-harfbuzz-12-3-0/compiled_wasm.js.br:1
[   83424ms] [INFO] afterJoinEnd PageSyncing: Loaded incrementally {loaded_pages: 9513:113965} @ https://www.figma.com/webpack-artifacts/assets/vendor-core-34edd2c749031eb9.min.js.br:53
[   83510ms] [ERROR] Access to image at 'https://www.gravatar.com/avatar/c5d727644bd06f6cd443327478b95043?size=240&default=https%3A%2F%2Fs3-alpha.figma.com%2Fstatic%2Fuser_1.png?c=1' from origin 'https://www.figma.com' has been blocked by CORS policy: No 'Access-Control-Allow-Origin' header is present on the requested resource. @ https://www.figma.com/design/EKzqnECsaFCEtRx9A18hXt/CSE?node-id=9513-113965&p=f&t=KcS3C0WT4oeNsq7Q-0:0
[   83510ms] [ERROR] Failed to load resource: net::ERR_FAILED @ https://www.gravatar.com/avatar/c5d727644bd06f6cd443327478b95043?size=240&default=https%3A%2F%2Fs3-alpha.figma.com%2Fstatic%2Fuser_1.png?c=1:0
[   83888ms] [LOG] [Fullscreen] loadtime=4.67s maxmem=52748728 @ https://www.figma.com/webpack-artifacts/assets/vendor-core-34edd2c749031eb9.min.js.br:53
[   90435ms] [LOG] Running frontend commit 29244711f25109c85ce9dbbe4291938e16e94ea0 @ https://www.figma.com/files/team/1258030072466737594/recents-and-sharing:524
[   90857ms] [WARNING] Statsig is not ready to log exposures, will retry in 1 seconds @ https://www.figma.com/webpack-artifacts/assets/vendor-core-34edd2c749031eb9.min.js.br:53
[   90892ms] [LOG] Loaded 73 scripts (7516890b), 73 from cache (7516890b) @ https://www.figma.com/webpack-artifacts/assets/vendor-core-34edd2c749031eb9.min.js.br:53
[   90955ms] [LOG] [import] git: 29244711f25109c85ce9dbbe4291938e16e94ea0, stamp: 828238723CF476C8 @ https://www.figma.com/webpack-artifacts/assets/vendor-core-34edd2c749031eb9.min.js.br:53
[   91249ms] [WARNING] Canvas2D: Multiple readback operations using getImageData are faster with the willReadFrequently attribute set to true. See: https://html.spec.whatwg.org/multipage/canvas.html#concept-canvas-will-read-frequently @ https://www.figma.com/webpack-artifacts/assets/8469-f47411c60eb019a8.min.js.br:1404
[   91255ms] [WARNING] Canvas2D: Multiple readback operations using getImageData are faster with the willReadFrequently attribute set to true. See: https://html.spec.whatwg.org/multipage/canvas.html#concept-canvas-will-read-frequently @ https://www.figma.com/webpack-artifacts/assets/8469-f47411c60eb019a8.min.js.br:1404
[   91263ms] [WARNING] Canvas2D: Multiple readback operations using getImageData are faster with the willReadFrequently attribute set to true. See: https://html.spec.whatwg.org/multipage/canvas.html#concept-canvas-will-read-frequently @ https://www.figma.com/webpack-artifacts/assets/8469-f47411c60eb019a8.min.js.br:1404
[   91267ms] [WARNING] Canvas2D: Multiple readback operations using getImageData are faster with the willReadFrequently attribute set to true. See: https://html.spec.whatwg.org/multipage/canvas.html#concept-canvas-will-read-frequently @ https://www.figma.com/webpack-artifacts/assets/8469-f47411c60eb019a8.min.js.br:1404
[   91274ms] [WARNING] Canvas2D: Multiple readback operations using getImageData are faster with the willReadFrequently attribute set to true. See: https://html.spec.whatwg.org/multipage/canvas.html#concept-canvas-will-read-frequently @ https://www.figma.com/webpack-artifacts/assets/8469-f47411c60eb019a8.min.js.br:1404
[  100684ms] [INFO] Autosave Changes not available or already claimed by another tab undefined @ https://www.figma.com/webpack-artifacts/assets/vendor-core-34edd2c749031eb9.min.js.br:53
[  101058ms] [INFO] [Fullscreen] Booting... (emscripten version 4.0.21) @ https://www.figma.com/webpack-artifacts/assets/vendor-core-34edd2c749031eb9.min.js.br:53
[  101084ms] [INFO] [GPU] graphicsAPI:"WebGPU", vendor:"Google Inc. (Apple)" renderer:"ANGLE (Apple, ANGLE Metal Renderer: Apple M3 Max, Unspecified Version)" deviceArchitecture:"metal-3" deviceDescription:"" webGPUDevice:"" webGPUVendor:"apple" bindings:"emdawnwebgpu" @ https://www.figma.com/webpack-artifacts/assets/vendor-core-34edd2c749031eb9.min.js.br:53
[  101086ms] [LOG] [Fullscreen] Ready in 42.6ms @ https://www.figma.com/webpack-artifacts/assets/vendor-core-34edd2c749031eb9.min.js.br:53
[  101149ms] [INFO] [FullscreenApp] calling setEditorTheme and setting preference light @ https://www.figma.com/webpack-artifacts/assets/vendor-core-34edd2c749031eb9.min.js.br:53
[  101155ms] [INFO] [MultiplayerSession] connecting to wss://www.figma.com/api/multiplayer/YD8CD0TmcR6UCKn1tb2qXF?role=editor&tracking_session_id=PmCDzp2qI2VZvFp3&version=151&recentReload=0&file-load-streaming-compression=&user-id=1258030067732134817&client_release=29244711f25109c85ce9dbbe4291938e16e94ea0&force-dpl-journaled-reconnect=1 @ https://www.figma.com/webpack-artifacts/assets/vendor-core-34edd2c749031eb9.min.js.br:53
[  101156ms] [INFO] [FullscreenApp] calling setEditorTheme and setting preference light @ https://www.figma.com/webpack-artifacts/assets/vendor-core-34edd2c749031eb9.min.js.br:53
[  102023ms] [INFO] [MultiplayerSession] Joining file version 101 (initial load) @ https://www.figma.com/webpack-artifacts/assets/vendor-core-34edd2c749031eb9.min.js.br:53
[  102278ms] [INFO] afterJoinEnd PageSyncing: Loaded incrementally {loaded_pages: 0:286} @ https://www.figma.com/webpack-artifacts/assets/vendor-core-34edd2c749031eb9.min.js.br:53
[  102310ms] [ERROR] Access to image at 'https://www.gravatar.com/avatar/c5d727644bd06f6cd443327478b95043?size=240&default=https%3A%2F%2Fs3-alpha.figma.com%2Fstatic%2Fuser_1.png?c=1' from origin 'https://www.figma.com' has been blocked by CORS policy: No 'Access-Control-Allow-Origin' header is present on the requested resource. @ https://www.figma.com/design/YD8CD0TmcR6UCKn1tb2qXF/Figma-basics?node-id=0-286&p=f&t=kvBdteHwuWGpYWfe-0:0
[  102310ms] [ERROR] Failed to load resource: net::ERR_FAILED @ https://www.gravatar.com/avatar/c5d727644bd06f6cd443327478b95043?size=240&default=https%3A%2F%2Fs3-alpha.figma.com%2Fstatic%2Fuser_1.png?c=1:0
[  102513ms] [LOG] [Fullscreen] loadtime=1.67s maxmem=14451832 @ https://www.figma.com/webpack-artifacts/assets/vendor-core-34edd2c749031eb9.min.js.br:53
